<?xml version="1.0" encoding="UTF-8"?>
<!-- Generated by org.testng.reporters.JUnitReportReporter -->
<testsuite hostname="BDC8-LX-9HL1NW2" failures="0" tests="1" name="tests.Validation" time="23.067" errors="0" timestamp="2022-10-12T17:50:47 IST" skipped="0">
  <testcase classname="tests.Validation" name="validationOfDateAndCountry" time="23.067"/>
  <system-out/>
</testsuite> <!-- tests.Validation -->
