<?xml version="1.0" encoding="UTF-8"?>
<!-- Generated by org.testng.reporters.JUnitReportReporter -->
<testsuite hostname="BDC8-LX-9HL1NW2" failures="0" tests="1" name="test.OpenChrome" time="14.904" errors="0" timestamp="2022-10-10T18:52:21 IST" skipped="0">
  <testcase classname="test.OpenChrome" name="Chrome" time="14.904"/>
  <system-out/>
</testsuite> <!-- test.OpenChrome -->
