<?xml version="1.0" encoding="UTF-8"?>
<!-- Generated by org.testng.reporters.JUnitReportReporter -->
<testsuite hostname="BDC8-LX-9HL1NW2" failures="0" tests="1" name="tests.Validation" time="16.186" errors="0" timestamp="2022-10-11T18:48:49 IST" skipped="0">
  <testcase classname="tests.Validation" name="validationOfDateAndCountry" time="16.186"/>
  <system-out/>
</testsuite> <!-- tests.Validation -->
