<?xml version="1.0" encoding="UTF-8"?>
<!-- Generated by org.testng.reporters.JUnitReportReporter -->
<testsuite hostname="BDC8-LX-9HL1NW2" failures="0" tests="1" name="pages.OpenChrome" time="10.741" errors="0" timestamp="2022-10-10T19:03:14 IST" skipped="0">
  <testcase classname="pages.OpenChrome" name="Chrome" time="10.741"/>
  <system-out/>
</testsuite> <!-- pages.OpenChrome -->
